<?xml version="1.0" encoding="UTF-8"?>
<testng-results ignored="0" total="1" passed="1" failed="0" skipped="0">
  <reporter-output>
  </reporter-output>
  <suite started-at="2023-06-29T19:19:16 SGT" name="Default suite" finished-at="2023-06-29T19:19:22 SGT" duration-ms="6054">
    <groups>
    </groups>
    <test started-at="2023-06-29T19:19:16 SGT" name="Default test" finished-at="2023-06-29T19:19:22 SGT" duration-ms="6054">
      <class name="week1.day3.AssertThatOne">
        <test-method signature="assertTwo()[pri:0, instance:week1.day3.AssertThatOne@2fb3536e]" started-at="2023-06-29T19:19:16 SGT" name="assertTwo" finished-at="2023-06-29T19:19:22 SGT" duration-ms="6013" status="PASS">
          <reporter-output>
          </reporter-output>
        </test-method> <!-- assertTwo -->
      </class> <!-- week1.day3.AssertThatOne -->
    </test> <!-- Default test -->
  </suite> <!-- Default suite -->
</testng-results>
