<?xml version="1.0" encoding="UTF-8"?>
<testng-results ignored="0" total="1" passed="1" failed="0" skipped="0">
  <reporter-output>
  </reporter-output>
  <suite started-at="2022-05-21T22:30:39 SGT" name="Default suite" finished-at="2022-05-21T22:30:45 SGT" duration-ms="5903">
    <groups>
    </groups>
    <test started-at="2022-05-21T22:30:39 SGT" name="Default test" finished-at="2022-05-21T22:30:45 SGT" duration-ms="5903">
      <class name="week3.day2.ResponseMatchesSchema">
        <test-method signature="postRequestWithSchemaValidation()[pri:0, instance:week3.day2.ResponseMatchesSchema@759d26fb]" started-at="2022-05-21T22:30:39 SGT" name="postRequestWithSchemaValidation" finished-at="2022-05-21T22:30:45 SGT" duration-ms="5883" status="PASS">
          <reporter-output>
          </reporter-output>
        </test-method> <!-- postRequestWithSchemaValidation -->
      </class> <!-- week3.day2.ResponseMatchesSchema -->
    </test> <!-- Default test -->
  </suite> <!-- Default suite -->
</testng-results>
